
Recovery Manager: Release 10.2.0.4.0 - Production on Wed Jun 20 16:36:43 2012

Copyright (c) 1982, 2007, Oracle.  All rights reserved.

connected to target database: ORAACCT2 (DBID=1332977964)
connected to recovery catalog database

RMAN> 
executing command: SET parallelmediarestore

RMAN> 2> 3> 4> 5> 6> 
allocated channel: c1
channel c1: sid=225 devtype=SBT_TAPE
channel c1: Veritas NetBackup for Oracle - Release 6.5 (2009050106)

executing command: SET NEWNAME

Starting restore at 20120620163646

channel c1: starting datafile backupset restore
channel c1: specifying datafile(s) to restore from backup set
restoring datafile 00896 to /d08/oradata/resfp/footprints_2.dbf
channel c1: reading from backup piece bkp_FULL0_20120620_000005_ORAACCT2_s497802_p1.rman
channel c1: restored backup piece 1
piece handle=bkp_FULL0_20120620_000005_ORAACCT2_s497802_p1.rman tag=TAG20120620T000041
channel c1: restore complete, elapsed time: 00:02:56
Finished restore at 20120620163953
released channel: c1

RMAN> 

Recovery Manager complete.
Restore finalizado com sucesso.
